<?xml version="1.0" encoding="UTF-8"?>
<testsuite xmlns:xsi="http://www.w3.org/2001/XMLSchema-instance" xsi:noNamespaceSchemaLocation="https://maven.apache.org/surefire/maven-surefire-plugin/xsd/surefire-test-report-3.0.xsd" version="3.0" name="TestSuite" time="5.423" tests="62" errors="0" skipped="55" failures="7">
  <properties>
[...]
</properties>
  <testcase name="setup" classname="api.test.PetEndpointsTests" time="2.64">
    <failure message="Can&apos;t find bundle for base name config, locale en_IN" type="java.util.MissingResourceException"><![CDATA[java.util.MissingResourceException: Can't find bundle for base name config, locale en_IN
	at java.base/java.util.ResourceBundle.throwMissingResourceException(ResourceBundle.java:2045)
	at java.base/java.util.ResourceBundle.getBundleImpl(ResourceBundle.java:1683)
	at java.base/java.util.ResourceBundle.getBundleImpl(ResourceBundle.java:1586)
	at java.base/java.util.ResourceBundle.getBundleImpl(ResourceBundle.java:1549)
	at java.base/java.util.ResourceBundle.getBundle(ResourceBundle.java:858)
	at api.utility.BaseClass.getProperties(BaseClass.java:41)
	at api.utility.BaseClass.getStatusCode(BaseClass.java:46)
	at api.test.PetEndpointsTests.setup(PetEndpointsTests.java:30)
	at java.base/jdk.internal.reflect.DirectMethodHandleAccessor.invoke(DirectMethodHandleAccessor.java:104)
	at java.base/java.lang.reflect.Method.invoke(Method.java:577)
	at org.testng.internal.invokers.MethodInvocationHelper.invokeMethod(MethodInvocationHelper.java:139)
	at org.testng.internal.invokers.MethodInvocationHelper.invokeMethodConsideringTimeout(MethodInvocationHelper.java:69)
	at org.testng.internal.invokers.ConfigInvoker.invokeConfigurationMethod(ConfigInvoker.java:361)
	at org.testng.internal.invokers.ConfigInvoker.invokeConfigurations(ConfigInvoker.java:296)
	at org.testng.internal.invokers.TestMethodWorker.invokeBeforeClassMethods(TestMethodWorker.java:180)
	at org.testng.internal.invokers.TestMethodWorker.run(TestMethodWorker.java:122)
	at java.base/java.util.ArrayList.forEach(ArrayList.java:1511)
	at org.testng.TestRunner.privateRun(TestRunner.java:829)
	at org.testng.TestRunner.run(TestRunner.java:602)
	at org.testng.SuiteRunner.runTest(SuiteRunner.java:437)
	at org.testng.SuiteRunner.runSequentially(SuiteRunner.java:431)
	at org.testng.SuiteRunner.privateRun(SuiteRunner.java:391)
	at org.testng.SuiteRunner.run(SuiteRunner.java:330)
	at org.testng.SuiteRunnerWorker.runSuite(SuiteRunnerWorker.java:52)
	at org.testng.SuiteRunnerWorker.run(SuiteRunnerWorker.java:95)
	at org.testng.TestNG.runSuitesSequentially(TestNG.java:1256)
	at org.testng.TestNG.runSuitesLocally(TestNG.java:1176)
	at org.testng.TestNG.runSuites(TestNG.java:1099)
	at org.testng.TestNG.run(TestNG.java:1067)
	at org.apache.maven.surefire.testng.TestNGExecutor.run(TestNGExecutor.java:155)
	at org.apache.maven.surefire.testng.TestNGDirectoryTestSuite.executeMulti(TestNGDirectoryTestSuite.java:169)
	at org.apache.maven.surefire.testng.TestNGDirectoryTestSuite.execute(TestNGDirectoryTestSuite.java:88)
	at org.apache.maven.surefire.testng.TestNGProvider.invoke(TestNGProvider.java:137)
	at org.apache.maven.surefire.booter.ForkedBooter.runSuitesInProcess(ForkedBooter.java:385)
	at org.apache.maven.surefire.booter.ForkedBooter.execute(ForkedBooter.java:162)
	at org.apache.maven.surefire.booter.ForkedBooter.run(ForkedBooter.java:507)
	at org.apache.maven.surefire.booter.ForkedBooter.main(ForkedBooter.java:495)
]]></failure>
    <system-err><![CDATA[SLF4J: Failed to load class "org.slf4j.impl.StaticLoggerBinder".
SLF4J: Defaulting to no-operation (NOP) logger implementation
SLF4J: See http://www.slf4j.org/codes.html#StaticLoggerBinder for further details.
]]></system-err>
  </testcase>
  <testcase name="testDeletePetById" classname="api.test.PetEndpointsTests" time="2.655">
    <failure message="&#10;Cannot inject @Test annotated Method [testDeletePetById] with [int].&#10;For more information on native dependency injection please refer to https://testng.org/doc/documentation-main.html#native-dependency-injection" type="org.testng.TestNGException"><![CDATA[org.testng.TestNGException: 

Cannot inject @Test annotated Method [testDeletePetById] with [int].
For more information on native dependency injection please refer to https://testng.org/doc/documentation-main.html#native-dependency-injection
	at org.testng.internal.Parameters.checkParameterTypes(Parameters.java:436)
	at org.testng.internal.Parameters.createParametersForMethod(Parameters.java:350)
	at org.testng.internal.Parameters.createParameters(Parameters.java:693)
	at org.testng.internal.Parameters.handleParameters(Parameters.java:879)
	at org.testng.internal.Parameters.handleParameters(Parameters.java:728)
	at org.testng.internal.invokers.ParameterHandler.handleParameters(ParameterHandler.java:72)
	at org.testng.internal.invokers.ParameterHandler.createParameters(ParameterHandler.java:51)
	at org.testng.internal.invokers.TestInvoker$MethodInvocationAgent.invoke(TestInvoker.java:924)
	at org.testng.internal.invokers.TestInvoker.invokeTestMethods(TestInvoker.java:194)
	at org.testng.internal.invokers.TestMethodWorker.invokeTestMethods(TestMethodWorker.java:148)
	at org.testng.internal.invokers.TestMethodWorker.run(TestMethodWorker.java:128)
	at java.base/java.util.ArrayList.forEach(ArrayList.java:1511)
	at org.testng.TestRunner.privateRun(TestRunner.java:829)
	at org.testng.TestRunner.run(TestRunner.java:602)
	at org.testng.SuiteRunner.runTest(SuiteRunner.java:437)
	at org.testng.SuiteRunner.runSequentially(SuiteRunner.java:431)
	at org.testng.SuiteRunner.privateRun(SuiteRunner.java:391)
	at org.testng.SuiteRunner.run(SuiteRunner.java:330)
	at org.testng.SuiteRunnerWorker.runSuite(SuiteRunnerWorker.java:52)
	at org.testng.SuiteRunnerWorker.run(SuiteRunnerWorker.java:95)
	at org.testng.TestNG.runSuitesSequentially(TestNG.java:1256)
	at org.testng.TestNG.runSuitesLocally(TestNG.java:1176)
	at org.testng.TestNG.runSuites(TestNG.java:1099)
	at org.testng.TestNG.run(TestNG.java:1067)
	at org.apache.maven.surefire.testng.TestNGExecutor.run(TestNGExecutor.java:155)
	at org.apache.maven.surefire.testng.TestNGDirectoryTestSuite.executeMulti(TestNGDirectoryTestSuite.java:169)
	at org.apache.maven.surefire.testng.TestNGDirectoryTestSuite.execute(TestNGDirectoryTestSuite.java:88)
	at org.apache.maven.surefire.testng.TestNGProvider.invoke(TestNGProvider.java:137)
	at org.apache.maven.surefire.booter.ForkedBooter.runSuitesInProcess(ForkedBooter.java:385)
	at org.apache.maven.surefire.booter.ForkedBooter.execute(ForkedBooter.java:162)
	at org.apache.maven.surefire.booter.ForkedBooter.run(ForkedBooter.java:507)
	at org.apache.maven.surefire.booter.ForkedBooter.main(ForkedBooter.java:495)
]]></failure>
  </testcase>
  <testcase name="testGetPetById" classname="api.test.PetEndpointsTests" time="2.661">
    <failure message="&#10;Cannot inject @Test annotated Method [testGetPetById] with [int].&#10;For more information on native dependency injection please refer to https://testng.org/doc/documentation-main.html#native-dependency-injection" type="org.testng.TestNGException"><![CDATA[org.testng.TestNGException: 

Cannot inject @Test annotated Method [testGetPetById] with [int].
For more information on native dependency injection please refer to https://testng.org/doc/documentation-main.html#native-dependency-injection
	at org.testng.internal.Parameters.checkParameterTypes(Parameters.java:436)
	at org.testng.internal.Parameters.createParametersForMethod(Parameters.java:350)
	at org.testng.internal.Parameters.createParameters(Parameters.java:693)
	at org.testng.internal.Parameters.handleParameters(Parameters.java:879)
	at org.testng.internal.Parameters.handleParameters(Parameters.java:728)
	at org.testng.internal.invokers.ParameterHandler.handleParameters(ParameterHandler.java:72)
	at org.testng.internal.invokers.ParameterHandler.createParameters(ParameterHandler.java:51)
	at org.testng.internal.invokers.TestInvoker$MethodInvocationAgent.invoke(TestInvoker.java:924)
	at org.testng.internal.invokers.TestInvoker.invokeTestMethods(TestInvoker.java:194)
	at org.testng.internal.invokers.TestMethodWorker.invokeTestMethods(TestMethodWorker.java:148)
	at org.testng.internal.invokers.TestMethodWorker.run(TestMethodWorker.java:128)
	at java.base/java.util.ArrayList.forEach(ArrayList.java:1511)
	at org.testng.TestRunner.privateRun(TestRunner.java:829)
	at org.testng.TestRunner.run(TestRunner.java:602)
	at org.testng.SuiteRunner.runTest(SuiteRunner.java:437)
	at org.testng.SuiteRunner.runSequentially(SuiteRunner.java:431)
	at org.testng.SuiteRunner.privateRun(SuiteRunner.java:391)
	at org.testng.SuiteRunner.run(SuiteRunner.java:330)
	at org.testng.SuiteRunnerWorker.runSuite(SuiteRunnerWorker.java:52)
	at org.testng.SuiteRunnerWorker.run(SuiteRunnerWorker.java:95)
	at org.testng.TestNG.runSuitesSequentially(TestNG.java:1256)
	at org.testng.TestNG.runSuitesLocally(TestNG.java:1176)
	at org.testng.TestNG.runSuites(TestNG.java:1099)
	at org.testng.TestNG.run(TestNG.java:1067)
	at org.apache.maven.surefire.testng.TestNGExecutor.run(TestNGExecutor.java:155)
	at org.apache.maven.surefire.testng.TestNGDirectoryTestSuite.executeMulti(TestNGDirectoryTestSuite.java:169)
	at org.apache.maven.surefire.testng.TestNGDirectoryTestSuite.execute(TestNGDirectoryTestSuite.java:88)
	at org.apache.maven.surefire.testng.TestNGProvider.invoke(TestNGProvider.java:137)
	at org.apache.maven.surefire.booter.ForkedBooter.runSuitesInProcess(ForkedBooter.java:385)
	at org.apache.maven.surefire.booter.ForkedBooter.execute(ForkedBooter.java:162)
	at org.apache.maven.surefire.booter.ForkedBooter.run(ForkedBooter.java:507)
	at org.apache.maven.surefire.booter.ForkedBooter.main(ForkedBooter.java:495)
]]></failure>
  </testcase>
  <testcase name="testUpdatePet" classname="api.test.PetEndpointsTests" time="0">
    <skipped message="Can&apos;t find bundle for base name config, locale en_IN"/>
  </testcase>
  <testcase name="testPostPet[, , , , , ](1)" classname="api.test.PetEndpointsTests" time="0">
    <skipped message="Can&apos;t find bundle for base name config, locale en_IN"/>
    <system-out><![CDATA[15:51:36.449 [main] WARN  org.apache.poi.openxml4j.opc.OPCPackage - OPC Compliance error [M4.1]: there is more than one core properties relationship in the package! POI will use only the first, but other software may reject this file.
15:51:36.469 [main] DEBUG org.apache.poi.openxml4j.opc.PackageRelationshipCollection - Parsing relationship: /xl/_rels/workbook.xml.rels
15:51:36.477 [main] DEBUG org.apache.poi.openxml4j.opc.PackageRelationshipCollection - Parsing relationship: /_rels/.rels
]]></system-out>
  </testcase>
  <testcase name="testPostPet[, , , , , ](2)" classname="api.test.PetEndpointsTests" time="0">
    <skipped message="Can&apos;t find bundle for base name config, locale en_IN"/>
  </testcase>
  <testcase name="testPostPet[, , , , , ](3)" classname="api.test.PetEndpointsTests" time="0">
    <skipped message="Can&apos;t find bundle for base name config, locale en_IN"/>
  </testcase>
  <testcase name="testPostPet[, , , , , ](4)" classname="api.test.PetEndpointsTests" time="0">
    <skipped message="Can&apos;t find bundle for base name config, locale en_IN"/>
  </testcase>
  <testcase name="testPostPet[, , , , , ](5)" classname="api.test.PetEndpointsTests" time="0">
    <skipped message="Can&apos;t find bundle for base name config, locale en_IN"/>
  </testcase>
  <testcase name="testPostPet[, , , , , ](6)" classname="api.test.PetEndpointsTests" time="0">
    <skipped message="Can&apos;t find bundle for base name config, locale en_IN"/>
  </testcase>
  <testcase name="testPostPet[, , , , , ](7)" classname="api.test.PetEndpointsTests" time="0">
    <skipped message="Can&apos;t find bundle for base name config, locale en_IN"/>
  </testcase>
  <testcase name="testPostPet[, , , , , ](8)" classname="api.test.PetEndpointsTests" time="0">
    <skipped message="Can&apos;t find bundle for base name config, locale en_IN"/>
  </testcase>
  <testcase name="testPostPet[, , , , , ](9)" classname="api.test.PetEndpointsTests" time="0">
    <skipped message="Can&apos;t find bundle for base name config, locale en_IN"/>
  </testcase>
  <testcase name="testPostPet[, , , , , ](10)" classname="api.test.PetEndpointsTests" time="0">
    <skipped message="Can&apos;t find bundle for base name config, locale en_IN"/>
  </testcase>
  <testcase name="afterSuite" classname="api.test.PetEndpointsTests" time="0">
    <skipped/>
  </testcase>
  <testcase name="setup" classname="api.test.StoreEndpointsTests" time="0.021">
    <failure message="Can&apos;t find bundle for base name config, locale en_IN" type="java.util.MissingResourceException"><![CDATA[java.util.MissingResourceException: Can't find bundle for base name config, locale en_IN
	at java.base/java.util.ResourceBundle.throwMissingResourceException(ResourceBundle.java:2045)
	at java.base/java.util.ResourceBundle.getBundleImpl(ResourceBundle.java:1683)
	at java.base/java.util.ResourceBundle.getBundleImpl(ResourceBundle.java:1586)
	at java.base/java.util.ResourceBundle.getBundleImpl(ResourceBundle.java:1549)
	at java.base/java.util.ResourceBundle.getBundle(ResourceBundle.java:858)
	at api.utility.BaseClass.getProperties(BaseClass.java:41)
	at api.utility.BaseClass.getStatusCode(BaseClass.java:46)
	at api.test.StoreEndpointsTests.setup(StoreEndpointsTests.java:29)
	at java.base/jdk.internal.reflect.DirectMethodHandleAccessor.invoke(DirectMethodHandleAccessor.java:104)
	at java.base/java.lang.reflect.Method.invoke(Method.java:577)
	at org.testng.internal.invokers.MethodInvocationHelper.invokeMethod(MethodInvocationHelper.java:139)
	at org.testng.internal.invokers.MethodInvocationHelper.invokeMethodConsideringTimeout(MethodInvocationHelper.java:69)
	at org.testng.internal.invokers.ConfigInvoker.invokeConfigurationMethod(ConfigInvoker.java:361)
	at org.testng.internal.invokers.ConfigInvoker.invokeConfigurations(ConfigInvoker.java:296)
	at org.testng.internal.invokers.TestMethodWorker.invokeBeforeClassMethods(TestMethodWorker.java:180)
	at org.testng.internal.invokers.TestMethodWorker.run(TestMethodWorker.java:122)
	at java.base/java.util.ArrayList.forEach(ArrayList.java:1511)
	at org.testng.TestRunner.privateRun(TestRunner.java:829)
	at org.testng.TestRunner.run(TestRunner.java:602)
	at org.testng.SuiteRunner.runTest(SuiteRunner.java:437)
	at org.testng.SuiteRunner.runSequentially(SuiteRunner.java:431)
	at org.testng.SuiteRunner.privateRun(SuiteRunner.java:391)
	at org.testng.SuiteRunner.run(SuiteRunner.java:330)
	at org.testng.SuiteRunnerWorker.runSuite(SuiteRunnerWorker.java:52)
	at org.testng.SuiteRunnerWorker.run(SuiteRunnerWorker.java:95)
	at org.testng.TestNG.runSuitesSequentially(TestNG.java:1256)
	at org.testng.TestNG.runSuitesLocally(TestNG.java:1176)
	at org.testng.TestNG.runSuites(TestNG.java:1099)
	at org.testng.TestNG.run(TestNG.java:1067)
	at org.apache.maven.surefire.testng.TestNGExecutor.run(TestNGExecutor.java:155)
	at org.apache.maven.surefire.testng.TestNGDirectoryTestSuite.executeMulti(TestNGDirectoryTestSuite.java:169)
	at org.apache.maven.surefire.testng.TestNGDirectoryTestSuite.execute(TestNGDirectoryTestSuite.java:88)
	at org.apache.maven.surefire.testng.TestNGProvider.invoke(TestNGProvider.java:137)
	at org.apache.maven.surefire.booter.ForkedBooter.runSuitesInProcess(ForkedBooter.java:385)
	at org.apache.maven.surefire.booter.ForkedBooter.execute(ForkedBooter.java:162)
	at org.apache.maven.surefire.booter.ForkedBooter.run(ForkedBooter.java:507)
	at org.apache.maven.surefire.booter.ForkedBooter.main(ForkedBooter.java:495)
]]></failure>
  </testcase>
  <testcase name="testGetStoreInventory" classname="api.test.StoreEndpointsTests" time="0">
    <skipped message="Can&apos;t find bundle for base name config, locale en_IN"/>
  </testcase>
  <testcase name="testCreateOrder[, , , , , ](1)" classname="api.test.StoreEndpointsTests" time="0">
    <skipped message="Can&apos;t find bundle for base name config, locale en_IN"/>
    <system-out><![CDATA[15:51:37.758 [main] WARN  org.apache.poi.openxml4j.opc.OPCPackage - OPC Compliance error [M4.1]: there is more than one core properties relationship in the package! POI will use only the first, but other software may reject this file.
15:51:37.762 [main] DEBUG org.apache.poi.openxml4j.opc.PackageRelationshipCollection - Parsing relationship: /xl/_rels/workbook.xml.rels
15:51:37.765 [main] DEBUG org.apache.poi.openxml4j.opc.PackageRelationshipCollection - Parsing relationship: /_rels/.rels
]]></system-out>
  </testcase>
  <testcase name="testCreateOrder[, , , , , ](2)" classname="api.test.StoreEndpointsTests" time="0">
    <skipped message="Can&apos;t find bundle for base name config, locale en_IN"/>
  </testcase>
  <testcase name="testCreateOrder[, , , , , ](3)" classname="api.test.StoreEndpointsTests" time="0">
    <skipped message="Can&apos;t find bundle for base name config, locale en_IN"/>
  </testcase>
  <testcase name="testCreateOrder[, , , , , ](4)" classname="api.test.StoreEndpointsTests" time="0">
    <skipped message="Can&apos;t find bundle for base name config, locale en_IN"/>
  </testcase>
  <testcase name="testCreateOrder[, , , , , ](5)" classname="api.test.StoreEndpointsTests" time="0">
    <skipped message="Can&apos;t find bundle for base name config, locale en_IN"/>
  </testcase>
  <testcase name="testCreateOrder[, , , , , ](6)" classname="api.test.StoreEndpointsTests" time="0">
    <skipped message="Can&apos;t find bundle for base name config, locale en_IN"/>
  </testcase>
  <testcase name="testCreateOrder[, , , , , ](7)" classname="api.test.StoreEndpointsTests" time="0">
    <skipped message="Can&apos;t find bundle for base name config, locale en_IN"/>
  </testcase>
  <testcase name="testCreateOrder[, , , , , ](8)" classname="api.test.StoreEndpointsTests" time="0">
    <skipped message="Can&apos;t find bundle for base name config, locale en_IN"/>
  </testcase>
  <testcase name="testCreateOrder[, , , , , ](9)" classname="api.test.StoreEndpointsTests" time="0">
    <skipped message="Can&apos;t find bundle for base name config, locale en_IN"/>
  </testcase>
  <testcase name="testCreateOrder[, , , , , ](10)" classname="api.test.StoreEndpointsTests" time="0">
    <skipped message="Can&apos;t find bundle for base name config, locale en_IN"/>
  </testcase>
  <testcase name="testGetOrderById" classname="api.test.StoreEndpointsTests" time="0.002">
    <failure message="&#10;Method public void api.test.StoreEndpointsTests.testGetOrderById(int) requires a @DataProvider named : orderId in class api.utility.Staticprovider" type="org.testng.TestNGException"><![CDATA[org.testng.TestNGException: 

Method public void api.test.StoreEndpointsTests.testGetOrderById(int) requires a @DataProvider named : orderId in class api.utility.Staticprovider
	at org.testng.internal.Parameters.findDataProvider(Parameters.java:526)
	at org.testng.internal.Parameters.handleParameters(Parameters.java:763)
	at org.testng.internal.Parameters.handleParameters(Parameters.java:728)
	at org.testng.internal.invokers.ParameterHandler.handleParameters(ParameterHandler.java:72)
	at org.testng.internal.invokers.ParameterHandler.createParameters(ParameterHandler.java:51)
	at org.testng.internal.invokers.TestInvoker$MethodInvocationAgent.invoke(TestInvoker.java:924)
	at org.testng.internal.invokers.TestInvoker.invokeTestMethods(TestInvoker.java:194)
	at org.testng.internal.invokers.TestMethodWorker.invokeTestMethods(TestMethodWorker.java:148)
	at org.testng.internal.invokers.TestMethodWorker.run(TestMethodWorker.java:128)
	at java.base/java.util.ArrayList.forEach(ArrayList.java:1511)
	at org.testng.TestRunner.privateRun(TestRunner.java:829)
	at org.testng.TestRunner.run(TestRunner.java:602)
	at org.testng.SuiteRunner.runTest(SuiteRunner.java:437)
	at org.testng.SuiteRunner.runSequentially(SuiteRunner.java:431)
	at org.testng.SuiteRunner.privateRun(SuiteRunner.java:391)
	at org.testng.SuiteRunner.run(SuiteRunner.java:330)
	at org.testng.SuiteRunnerWorker.runSuite(SuiteRunnerWorker.java:52)
	at org.testng.SuiteRunnerWorker.run(SuiteRunnerWorker.java:95)
	at org.testng.TestNG.runSuitesSequentially(TestNG.java:1256)
	at org.testng.TestNG.runSuitesLocally(TestNG.java:1176)
	at org.testng.TestNG.runSuites(TestNG.java:1099)
	at org.testng.TestNG.run(TestNG.java:1067)
	at org.apache.maven.surefire.testng.TestNGExecutor.run(TestNGExecutor.java:155)
	at org.apache.maven.surefire.testng.TestNGDirectoryTestSuite.executeMulti(TestNGDirectoryTestSuite.java:169)
	at org.apache.maven.surefire.testng.TestNGDirectoryTestSuite.execute(TestNGDirectoryTestSuite.java:88)
	at org.apache.maven.surefire.testng.TestNGProvider.invoke(TestNGProvider.java:137)
	at org.apache.maven.surefire.booter.ForkedBooter.runSuitesInProcess(ForkedBooter.java:385)
	at org.apache.maven.surefire.booter.ForkedBooter.execute(ForkedBooter.java:162)
	at org.apache.maven.surefire.booter.ForkedBooter.run(ForkedBooter.java:507)
	at org.apache.maven.surefire.booter.ForkedBooter.main(ForkedBooter.java:495)
]]></failure>
  </testcase>
  <testcase name="testDeleteOrderById" classname="api.test.StoreEndpointsTests" time="0.005">
    <failure message="&#10;Method public void api.test.StoreEndpointsTests.testDeleteOrderById(int) requires a @DataProvider named : orderId in class api.utility.Staticprovider" type="org.testng.TestNGException"><![CDATA[org.testng.TestNGException: 

Method public void api.test.StoreEndpointsTests.testDeleteOrderById(int) requires a @DataProvider named : orderId in class api.utility.Staticprovider
	at org.testng.internal.Parameters.findDataProvider(Parameters.java:526)
	at org.testng.internal.Parameters.handleParameters(Parameters.java:763)
	at org.testng.internal.Parameters.handleParameters(Parameters.java:728)
	at org.testng.internal.invokers.ParameterHandler.handleParameters(ParameterHandler.java:72)
	at org.testng.internal.invokers.ParameterHandler.createParameters(ParameterHandler.java:51)
	at org.testng.internal.invokers.TestInvoker$MethodInvocationAgent.invoke(TestInvoker.java:924)
	at org.testng.internal.invokers.TestInvoker.invokeTestMethods(TestInvoker.java:194)
	at org.testng.internal.invokers.TestMethodWorker.invokeTestMethods(TestMethodWorker.java:148)
	at org.testng.internal.invokers.TestMethodWorker.run(TestMethodWorker.java:128)
	at java.base/java.util.ArrayList.forEach(ArrayList.java:1511)
	at org.testng.TestRunner.privateRun(TestRunner.java:829)
	at org.testng.TestRunner.run(TestRunner.java:602)
	at org.testng.SuiteRunner.runTest(SuiteRunner.java:437)
	at org.testng.SuiteRunner.runSequentially(SuiteRunner.java:431)
	at org.testng.SuiteRunner.privateRun(SuiteRunner.java:391)
	at org.testng.SuiteRunner.run(SuiteRunner.java:330)
	at org.testng.SuiteRunnerWorker.runSuite(SuiteRunnerWorker.java:52)
	at org.testng.SuiteRunnerWorker.run(SuiteRunnerWorker.java:95)
	at org.testng.TestNG.runSuitesSequentially(TestNG.java:1256)
	at org.testng.TestNG.runSuitesLocally(TestNG.java:1176)
	at org.testng.TestNG.runSuites(TestNG.java:1099)
	at org.testng.TestNG.run(TestNG.java:1067)
	at org.apache.maven.surefire.testng.TestNGExecutor.run(TestNGExecutor.java:155)
	at org.apache.maven.surefire.testng.TestNGDirectoryTestSuite.executeMulti(TestNGDirectoryTestSuite.java:169)
	at org.apache.maven.surefire.testng.TestNGDirectoryTestSuite.execute(TestNGDirectoryTestSuite.java:88)
	at org.apache.maven.surefire.testng.TestNGProvider.invoke(TestNGProvider.java:137)
	at org.apache.maven.surefire.booter.ForkedBooter.runSuitesInProcess(ForkedBooter.java:385)
	at org.apache.maven.surefire.booter.ForkedBooter.execute(ForkedBooter.java:162)
	at org.apache.maven.surefire.booter.ForkedBooter.run(ForkedBooter.java:507)
	at org.apache.maven.surefire.booter.ForkedBooter.main(ForkedBooter.java:495)
]]></failure>
  </testcase>
  <testcase name="afterSuite" classname="api.test.StoreEndpointsTests" time="0">
    <skipped/>
  </testcase>
  <testcase name="setup" classname="api.test.UserEndPointsTest" time="0.013">
    <failure message="Can&apos;t find bundle for base name config, locale en_IN" type="java.util.MissingResourceException"><![CDATA[java.util.MissingResourceException: Can't find bundle for base name config, locale en_IN
	at java.base/java.util.ResourceBundle.throwMissingResourceException(ResourceBundle.java:2045)
	at java.base/java.util.ResourceBundle.getBundleImpl(ResourceBundle.java:1683)
	at java.base/java.util.ResourceBundle.getBundleImpl(ResourceBundle.java:1586)
	at java.base/java.util.ResourceBundle.getBundleImpl(ResourceBundle.java:1549)
	at java.base/java.util.ResourceBundle.getBundle(ResourceBundle.java:858)
	at api.utility.BaseClass.getProperties(BaseClass.java:41)
	at api.utility.BaseClass.getStatusCode(BaseClass.java:46)
	at api.test.UserEndPointsTest.setup(UserEndPointsTest.java:28)
	at java.base/jdk.internal.reflect.DirectMethodHandleAccessor.invoke(DirectMethodHandleAccessor.java:104)
	at java.base/java.lang.reflect.Method.invoke(Method.java:577)
	at org.testng.internal.invokers.MethodInvocationHelper.invokeMethod(MethodInvocationHelper.java:139)
	at org.testng.internal.invokers.MethodInvocationHelper.invokeMethodConsideringTimeout(MethodInvocationHelper.java:69)
	at org.testng.internal.invokers.ConfigInvoker.invokeConfigurationMethod(ConfigInvoker.java:361)
	at org.testng.internal.invokers.ConfigInvoker.invokeConfigurations(ConfigInvoker.java:296)
	at org.testng.internal.invokers.TestMethodWorker.invokeBeforeClassMethods(TestMethodWorker.java:180)
	at org.testng.internal.invokers.TestMethodWorker.run(TestMethodWorker.java:122)
	at java.base/java.util.ArrayList.forEach(ArrayList.java:1511)
	at org.testng.TestRunner.privateRun(TestRunner.java:829)
	at org.testng.TestRunner.run(TestRunner.java:602)
	at org.testng.SuiteRunner.runTest(SuiteRunner.java:437)
	at org.testng.SuiteRunner.runSequentially(SuiteRunner.java:431)
	at org.testng.SuiteRunner.privateRun(SuiteRunner.java:391)
	at org.testng.SuiteRunner.run(SuiteRunner.java:330)
	at org.testng.SuiteRunnerWorker.runSuite(SuiteRunnerWorker.java:52)
	at org.testng.SuiteRunnerWorker.run(SuiteRunnerWorker.java:95)
	at org.testng.TestNG.runSuitesSequentially(TestNG.java:1256)
	at org.testng.TestNG.runSuitesLocally(TestNG.java:1176)
	at org.testng.TestNG.runSuites(TestNG.java:1099)
	at org.testng.TestNG.run(TestNG.java:1067)
	at org.apache.maven.surefire.testng.TestNGExecutor.run(TestNGExecutor.java:155)
	at org.apache.maven.surefire.testng.TestNGDirectoryTestSuite.executeMulti(TestNGDirectoryTestSuite.java:169)
	at org.apache.maven.surefire.testng.TestNGDirectoryTestSuite.execute(TestNGDirectoryTestSuite.java:88)
	at org.apache.maven.surefire.testng.TestNGProvider.invoke(TestNGProvider.java:137)
	at org.apache.maven.surefire.booter.ForkedBooter.runSuitesInProcess(ForkedBooter.java:385)
	at org.apache.maven.surefire.booter.ForkedBooter.execute(ForkedBooter.java:162)
	at org.apache.maven.surefire.booter.ForkedBooter.run(ForkedBooter.java:507)
	at org.apache.maven.surefire.booter.ForkedBooter.main(ForkedBooter.java:495)
]]></failure>
  </testcase>
  <testcase name="testPostUser[, , , , , , , ](1)" classname="api.test.UserEndPointsTest" time="0">
    <skipped message="Can&apos;t find bundle for base name config, locale en_IN"/>
    <system-out><![CDATA[15:51:37.914 [main] WARN  org.apache.poi.openxml4j.opc.OPCPackage - OPC Compliance error [M4.1]: there is more than one core properties relationship in the package! POI will use only the first, but other software may reject this file.
15:51:37.917 [main] DEBUG org.apache.poi.openxml4j.opc.PackageRelationshipCollection - Parsing relationship: /xl/_rels/workbook.xml.rels
15:51:37.925 [main] DEBUG org.apache.poi.openxml4j.opc.PackageRelationshipCollection - Parsing relationship: /_rels/.rels
]]></system-out>
  </testcase>
  <testcase name="testPostUser[, , , , , , , ](2)" classname="api.test.UserEndPointsTest" time="0">
    <skipped message="Can&apos;t find bundle for base name config, locale en_IN"/>
  </testcase>
  <testcase name="testPostUser[, , , , , , , ](3)" classname="api.test.UserEndPointsTest" time="0">
    <skipped message="Can&apos;t find bundle for base name config, locale en_IN"/>
  </testcase>
  <testcase name="testPostUser[, , , , , , , ](4)" classname="api.test.UserEndPointsTest" time="0">
    <skipped message="Can&apos;t find bundle for base name config, locale en_IN"/>
  </testcase>
  <testcase name="testPostUser[, , , , , , , ](5)" classname="api.test.UserEndPointsTest" time="0">
    <skipped message="Can&apos;t find bundle for base name config, locale en_IN"/>
  </testcase>
  <testcase name="testPostUser[, , , , , , , ](6)" classname="api.test.UserEndPointsTest" time="0">
    <skipped message="Can&apos;t find bundle for base name config, locale en_IN"/>
  </testcase>
  <testcase name="testPostUser[, , , , , , , ](7)" classname="api.test.UserEndPointsTest" time="0">
    <skipped message="Can&apos;t find bundle for base name config, locale en_IN"/>
  </testcase>
  <testcase name="testPostUser[, , , , , , , ](8)" classname="api.test.UserEndPointsTest" time="0">
    <skipped message="Can&apos;t find bundle for base name config, locale en_IN"/>
  </testcase>
  <testcase name="testPostUser[, , , , , , , ](9)" classname="api.test.UserEndPointsTest" time="0">
    <skipped message="Can&apos;t find bundle for base name config, locale en_IN"/>
  </testcase>
  <testcase name="testPostUser[, , , , , , , ](10)" classname="api.test.UserEndPointsTest" time="0">
    <skipped message="Can&apos;t find bundle for base name config, locale en_IN"/>
  </testcase>
  <testcase name="testGetUser[password](1)" classname="api.test.UserEndPointsTest" time="0">
    <skipped message="Can&apos;t find bundle for base name config, locale en_IN"/>
    <system-out><![CDATA[15:51:38.052 [main] WARN  org.apache.poi.openxml4j.opc.OPCPackage - OPC Compliance error [M4.1]: there is more than one core properties relationship in the package! POI will use only the first, but other software may reject this file.
15:51:38.055 [main] DEBUG org.apache.poi.openxml4j.opc.PackageRelationshipCollection - Parsing relationship: /xl/_rels/workbook.xml.rels
15:51:38.058 [main] DEBUG org.apache.poi.openxml4j.opc.PackageRelationshipCollection - Parsing relationship: /_rels/.rels
]]></system-out>
  </testcase>
  <testcase name="testGetUser[jcdzmMaCT](2)" classname="api.test.UserEndPointsTest" time="0">
    <skipped message="Can&apos;t find bundle for base name config, locale en_IN"/>
  </testcase>
  <testcase name="testGetUser[6emncHDA3P9](3)" classname="api.test.UserEndPointsTest" time="0">
    <skipped message="Can&apos;t find bundle for base name config, locale en_IN"/>
  </testcase>
  <testcase name="testGetUser[j1JxH9rZ](4)" classname="api.test.UserEndPointsTest" time="0">
    <skipped message="Can&apos;t find bundle for base name config, locale en_IN"/>
  </testcase>
  <testcase name="testGetUser[CnxtiYS](5)" classname="api.test.UserEndPointsTest" time="0">
    <skipped message="Can&apos;t find bundle for base name config, locale en_IN"/>
  </testcase>
  <testcase name="testGetUser[gLHTeBvM](6)" classname="api.test.UserEndPointsTest" time="0">
    <skipped message="Can&apos;t find bundle for base name config, locale en_IN"/>
  </testcase>
  <testcase name="testGetUser[G5WGSRpF](7)" classname="api.test.UserEndPointsTest" time="0">
    <skipped message="Can&apos;t find bundle for base name config, locale en_IN"/>
  </testcase>
  <testcase name="testGetUser[86JTsWratq7J](8)" classname="api.test.UserEndPointsTest" time="0">
    <skipped message="Can&apos;t find bundle for base name config, locale en_IN"/>
  </testcase>
  <testcase name="testGetUser[YTHTBcLoN](9)" classname="api.test.UserEndPointsTest" time="0">
    <skipped message="Can&apos;t find bundle for base name config, locale en_IN"/>
  </testcase>
  <testcase name="testGetUser[ipMe5A](10)" classname="api.test.UserEndPointsTest" time="0">
    <skipped message="Can&apos;t find bundle for base name config, locale en_IN"/>
  </testcase>
  <testcase name="testDeleteUser[password](1)" classname="api.test.UserEndPointsTest" time="0">
    <skipped message="Can&apos;t find bundle for base name config, locale en_IN"/>
    <system-out><![CDATA[15:51:38.186 [main] WARN  org.apache.poi.openxml4j.opc.OPCPackage - OPC Compliance error [M4.1]: there is more than one core properties relationship in the package! POI will use only the first, but other software may reject this file.
15:51:38.191 [main] DEBUG org.apache.poi.openxml4j.opc.PackageRelationshipCollection - Parsing relationship: /xl/_rels/workbook.xml.rels
15:51:38.194 [main] DEBUG org.apache.poi.openxml4j.opc.PackageRelationshipCollection - Parsing relationship: /_rels/.rels
]]></system-out>
  </testcase>
  <testcase name="testDeleteUser[jcdzmMaCT](2)" classname="api.test.UserEndPointsTest" time="0">
    <skipped message="Can&apos;t find bundle for base name config, locale en_IN"/>
  </testcase>
  <testcase name="testDeleteUser[6emncHDA3P9](3)" classname="api.test.UserEndPointsTest" time="0">
    <skipped message="Can&apos;t find bundle for base name config, locale en_IN"/>
  </testcase>
  <testcase name="testDeleteUser[j1JxH9rZ](4)" classname="api.test.UserEndPointsTest" time="0">
    <skipped message="Can&apos;t find bundle for base name config, locale en_IN"/>
  </testcase>
  <testcase name="testDeleteUser[CnxtiYS](5)" classname="api.test.UserEndPointsTest" time="0">
    <skipped message="Can&apos;t find bundle for base name config, locale en_IN"/>
  </testcase>
  <testcase name="testDeleteUser[gLHTeBvM](6)" classname="api.test.UserEndPointsTest" time="0">
    <skipped message="Can&apos;t find bundle for base name config, locale en_IN"/>
  </testcase>
  <testcase name="testDeleteUser[G5WGSRpF](7)" classname="api.test.UserEndPointsTest" time="0">
    <skipped message="Can&apos;t find bundle for base name config, locale en_IN"/>
  </testcase>
  <testcase name="testDeleteUser[86JTsWratq7J](8)" classname="api.test.UserEndPointsTest" time="0">
    <skipped message="Can&apos;t find bundle for base name config, locale en_IN"/>
  </testcase>
  <testcase name="testDeleteUser[YTHTBcLoN](9)" classname="api.test.UserEndPointsTest" time="0">
    <skipped message="Can&apos;t find bundle for base name config, locale en_IN"/>
  </testcase>
  <testcase name="testDeleteUser[ipMe5A](10)" classname="api.test.UserEndPointsTest" time="0">
    <skipped message="Can&apos;t find bundle for base name config, locale en_IN"/>
  </testcase>
  <testcase name="afterSuite" classname="api.test.UserEndPointsTest" time="0">
    <skipped/>
  </testcase>
</testsuite>